2025-05-17 16:31:53,651 - __main__ - INFO - ETL pipeline started.
2025-05-17 16:31:53,652 - __main__ - INFO - Starting the extraction process...
2025-05-17 16:31:53,653 - __main__ - ERROR - ETL pipeline failed: extract() missing 1 required positional argument: 'file_path'
Traceback (most recent call last):
  File "C:\Users\mouss\first-small-etl\src\run.py", line 27, in run_etl
    raw_data = extract()
TypeError: extract() missing 1 required positional argument: 'file_path'
2025-05-17 16:34:13,627 - __main__ - INFO - ETL pipeline started.
2025-05-17 16:34:13,627 - __main__ - INFO - Starting the extraction process...
2025-05-17 16:34:13,628 - extract - INFO - Début de l'extraction des données depuis C:/Users/mouss/first-small-etl/data/input/cars.csv
2025-05-17 16:34:13,631 - extract - INFO - Extraction réussie : 32 lignes extraites.
2025-05-17 16:34:13,631 - __main__ - INFO - Extraction completed successfully.
2025-05-17 16:34:13,632 - __main__ - INFO - Starting the transformation process...
2025-05-17 16:34:13,632 - transform - INFO - Début de la transformation des données.
2025-05-17 16:34:13,633 - transform - INFO - Renommage des colonnes effectué avec succès.
2025-05-17 16:34:13,635 - transform - INFO - Nettoyage des valeurs effectué avec succès.
2025-05-17 16:34:13,635 - __main__ - INFO - Transformation completed successfully.
2025-05-17 16:34:13,635 - __main__ - INFO - Starting the loading process...
2025-05-17 16:34:13,635 - load - INFO - Connexion à la base de données PostgreSQL établie avec succès.
2025-05-17 16:34:13,679 - load - INFO - Début du chargement des données dans la table 'cars'.
2025-05-17 16:34:13,837 - load - INFO - Chargement des données dans la table 'cars' terminé avec succès.
2025-05-17 16:34:13,837 - __main__ - INFO - Loading completed successfully.
2025-05-17 16:34:13,838 - __main__ - INFO - ETL pipeline finished successfully.
2025-05-17 16:45:31,350 - __main__ - INFO - Output folder 'query_results' created or already exists.
2025-05-17 16:45:31,351 - __main__ - INFO - Found 4 SQL files in 'C:/Users/mouss/first-small-etl/data/sql'.
2025-05-17 16:45:31,351 - __main__ - INFO - Running query from C:/Users/mouss/first-small-etl/data/sql\all_mercedes.sql...
2025-05-17 16:45:31,352 - load - INFO - Connexion à la base de données PostgreSQL établie avec succès.
2025-05-17 16:45:31,399 - __main__ - INFO - Database engine created successfully.
2025-05-17 16:45:31,412 - __main__ - INFO - Successfully loaded query from C:/Users/mouss/first-small-etl/data/sql\all_mercedes.sql
2025-05-17 16:45:31,514 - __main__ - INFO - Executing query from C:/Users/mouss/first-small-etl/data/sql\all_mercedes.sql...
2025-05-17 16:45:31,517 - __main__ - INFO - Query executed successfully from C:/Users/mouss/first-small-etl/data/sql\all_mercedes.sql. Number of rows fetched: 7
2025-05-17 16:45:31,522 - __main__ - INFO - Results saved to query_results\all_mercedes.csv
2025-05-17 16:45:31,522 - __main__ - INFO - Running query from C:/Users/mouss/first-small-etl/data/sql\avg_horsepower.sql...
2025-05-17 16:45:31,523 - load - INFO - Connexion à la base de données PostgreSQL établie avec succès.
2025-05-17 16:45:31,523 - __main__ - INFO - Database engine created successfully.
2025-05-17 16:45:31,530 - __main__ - INFO - Successfully loaded query from C:/Users/mouss/first-small-etl/data/sql\avg_horsepower.sql
2025-05-17 16:45:31,628 - __main__ - INFO - Executing query from C:/Users/mouss/first-small-etl/data/sql\avg_horsepower.sql...
2025-05-17 16:45:31,631 - __main__ - INFO - Query executed successfully from C:/Users/mouss/first-small-etl/data/sql\avg_horsepower.sql. Number of rows fetched: 3
2025-05-17 16:45:31,634 - __main__ - INFO - Results saved to query_results\avg_horsepower.csv
2025-05-17 16:45:31,634 - __main__ - INFO - Running query from C:/Users/mouss/first-small-etl/data/sql\cars_by_transmission.sql...
2025-05-17 16:45:31,635 - load - INFO - Connexion à la base de données PostgreSQL établie avec succès.
2025-05-17 16:45:31,636 - __main__ - INFO - Database engine created successfully.
2025-05-17 16:45:31,642 - __main__ - INFO - Successfully loaded query from C:/Users/mouss/first-small-etl/data/sql\cars_by_transmission.sql
2025-05-17 16:45:31,773 - __main__ - INFO - Executing query from C:/Users/mouss/first-small-etl/data/sql\cars_by_transmission.sql...
2025-05-17 16:45:31,775 - __main__ - INFO - Query executed successfully from C:/Users/mouss/first-small-etl/data/sql\cars_by_transmission.sql. Number of rows fetched: 2
2025-05-17 16:45:31,778 - __main__ - INFO - Results saved to query_results\cars_by_transmission.csv
2025-05-17 16:45:31,779 - __main__ - INFO - Running query from C:/Users/mouss/first-small-etl/data/sql\max_horspower.sql...
2025-05-17 16:45:31,779 - load - INFO - Connexion à la base de données PostgreSQL établie avec succès.
2025-05-17 16:45:31,780 - __main__ - INFO - Database engine created successfully.
2025-05-17 16:45:31,787 - __main__ - INFO - Successfully loaded query from C:/Users/mouss/first-small-etl/data/sql\max_horspower.sql
2025-05-17 16:45:31,903 - __main__ - INFO - Executing query from C:/Users/mouss/first-small-etl/data/sql\max_horspower.sql...
2025-05-17 16:45:31,906 - __main__ - INFO - Query executed successfully from C:/Users/mouss/first-small-etl/data/sql\max_horspower.sql. Number of rows fetched: 1
2025-05-17 16:45:31,909 - __main__ - INFO - Results saved to query_results\max_horspower.csv
